myip2.ru
linkedin.com
meduza.io
rezka.ag
rezka.my
rutracker.cc
rutracker.net
rutracker.org
rutracker.wiki
seasonvar.ru
sentry.io
themoviedb.org
wide-youtube.l.google.com
youtu.be
youtube-nocookie.com
youtube-ui.l.google.com
youtube.com
youtubeembeddedplayer.googleapis.com
youtubei.googleapis.com
youtubekids.com
yt-video-upload.l.google.com
ytimg.com
ytimg.l.google.com
yummyani.me
4pda.to
4pna.com
ai.com
dis.gd
discord-activities.com
discord-attachments-uploads-prd.storage.googleapis.com
discord.co
discord.com
discord.design
discord.dev
discord.gg
discord.gift
discord.gifts
discord.media
discord.new
discord.store
discord.tools
discordactivities.com
discordapp.com
discordapp.net
discordmerch.com
discordpartygames.com
discordsays.com
facebook.com
facebook.net
fast-torrent.club
iptv.online
jetbrains.com
jetbrains.space
jnn-pa.googleapis.com
sketchup.com
skiff.com
skladchik.com
sklatchiki.ru
tmdb-image-prod.b-cdn.net
tmdb.com
tmdb.org
weather.com
